[debug] [2024-06-01T15:25:16.243Z] ----------------------------------------------------------------------
[debug] [2024-06-01T15:25:16.256Z] Command:       C:\Program Files\nodejs\node.exe C:\Program Files\nodejs\node_modules\firebase-tools\lib\bin\firebase.js init
[debug] [2024-06-01T15:25:16.257Z] CLI Version:   13.10.2
[debug] [2024-06-01T15:25:16.258Z] Platform:      win32
[debug] [2024-06-01T15:25:16.259Z] Node Version:  v22.2.0
[debug] [2024-06-01T15:25:16.259Z] Time:          Sat Jun 01 2024 08:25:16 GMT-0700 (Pacific Daylight Time)
[debug] [2024-06-01T15:25:16.260Z] ----------------------------------------------------------------------
[debug] 
[debug] [2024-06-01T15:25:16.284Z] > command requires scopes: ["email","openid","https://www.googleapis.com/auth/cloudplatformprojects.readonly","https://www.googleapis.com/auth/firebase","https://www.googleapis.com/auth/cloud-platform"]
[debug] [2024-06-01T15:25:16.286Z] > authorizing via signed-in user (gracetaiwo5@gmail.com)
[info] 
     ######## #### ########  ######## ########     ###     ######  ########
     ##        ##  ##     ## ##       ##     ##  ##   ##  ##       ##
     ######    ##  ########  ######   ########  #########  ######  ######
     ##        ##  ##    ##  ##       ##     ## ##     ##       ## ##
     ##       #### ##     ## ######## ########  ##     ##  ######  ########

You're about to initialize a Firebase project in this directory:

  C:\Users\ACER\Desktop\frontend-project\github-repo

[info] 
=== Project Setup
[info] 
[info] First, let's associate this project directory with a Firebase project.
[info] You can create multiple project aliases by running firebase use --add, 
[info] but for now we'll just set up a default project.
[info] 
[debug] [2024-06-01T15:25:44.993Z] >>> [apiv2][query] GET https://firebase.googleapis.com/v1beta1/projects pageSize=100
[debug] [2024-06-01T15:25:49.215Z] <<< [apiv2][status] GET https://firebase.googleapis.com/v1beta1/projects 200
[debug] [2024-06-01T15:25:49.216Z] <<< [apiv2][body] GET https://firebase.googleapis.com/v1beta1/projects [omitted]
[info] i  Using project github-repo-list-e2a7c (github-repo-list) 
[info] 
=== Database Setup
[info] i  database: ensuring required API firebasedatabase.googleapis.com is enabled... 
[debug] [2024-06-01T15:25:50.902Z] >>> [apiv2][query] GET https://serviceusage.googleapis.com/v1/projects/github-repo-list-e2a7c/services/firebasedatabase.googleapis.com [none]
[debug] [2024-06-01T15:25:50.902Z] >>> [apiv2][(partial)header] GET https://serviceusage.googleapis.com/v1/projects/github-repo-list-e2a7c/services/firebasedatabase.googleapis.com x-goog-quota-user=projects/github-repo-list-e2a7c
[debug] [2024-06-01T15:25:52.474Z] <<< [apiv2][status] GET https://serviceusage.googleapis.com/v1/projects/github-repo-list-e2a7c/services/firebasedatabase.googleapis.com 200
[debug] [2024-06-01T15:25:52.474Z] <<< [apiv2][body] GET https://serviceusage.googleapis.com/v1/projects/github-repo-list-e2a7c/services/firebasedatabase.googleapis.com [omitted]
[info] +  database: required API firebasedatabase.googleapis.com is enabled 
[info] 
[debug] [2024-06-01T15:25:52.478Z] >>> [apiv2][query] GET https://firebasedatabase.googleapis.com/v1beta/projects/github-repo-list-e2a7c/locations/-/instances/github-repo-list-e2a7c-default-rtdb [none]
[debug] [2024-06-01T15:25:53.766Z] <<< [apiv2][status] GET https://firebasedatabase.googleapis.com/v1beta/projects/github-repo-list-e2a7c/locations/-/instances/github-repo-list-e2a7c-default-rtdb 200
[debug] [2024-06-01T15:25:53.767Z] <<< [apiv2][body] GET https://firebasedatabase.googleapis.com/v1beta/projects/github-repo-list-e2a7c/locations/-/instances/github-repo-list-e2a7c-default-rtdb {"name":"projects/153096600084/locations/us-central1/instances/github-repo-list-e2a7c-default-rtdb","project":"projects/153096600084","databaseUrl":"https://github-repo-list-e2a7c-default-rtdb.firebaseio.com","type":"DEFAULT_DATABASE","state":"ACTIVE"}
[info] 
[info] Firebase Realtime Database Security Rules allow you to define how your data should be
[info] structured and when your data can be read from and written to.
[info] 
